[eval] after=0 on=0 (cstance) acc=0.4520 loss=1.356
[eval] after=1 on=0 (cstance) acc=0.4780 loss=1.252
[eval] after=1 on=1 (fomc) acc=0.5303 loss=0.726
[eval] after=2 on=0 (cstance) acc=0.4860 loss=1.378
[eval] after=2 on=1 (fomc) acc=0.5530 loss=0.508
[eval] after=2 on=2 (meetingbank) acc=0.0180 loss=3.111
[eval] after=3 on=0 (cstance) acc=0.4540 loss=1.672
[eval] after=3 on=1 (fomc) acc=0.5202 loss=0.737
[eval] after=3 on=2 (meetingbank) acc=0.0300 loss=1.805
[eval] after=3 on=3 (py150) acc=0.0020 loss=4.645
[eval] after=4 on=0 (cstance) acc=0.4580 loss=1.717
[eval] after=4 on=1 (fomc) acc=0.5657 loss=0.707
[eval] after=4 on=2 (meetingbank) acc=0.0160 loss=2.099
[eval] after=4 on=3 (py150) acc=0.0040 loss=2.869
[eval] after=4 on=4 (scienceqa) acc=0.5900 loss=1.057
[eval] after=5 on=0 (cstance) acc=0.4500 loss=1.105
[eval] after=5 on=1 (fomc) acc=0.5657 loss=0.685
[eval] after=5 on=2 (meetingbank) acc=0.0340 loss=2.286
[eval] after=5 on=3 (py150) acc=0.0060 loss=3.021
[eval] after=5 on=4 (scienceqa) acc=0.5840 loss=0.490
[eval] after=5 on=5 (numglue_cm) acc=0.4156 loss=1.439
[eval] after=6 on=0 (cstance) acc=0.4800 loss=1.192
[eval] after=6 on=1 (fomc) acc=0.5631 loss=0.766
[eval] after=6 on=2 (meetingbank) acc=0.0320 loss=2.404
[eval] after=6 on=3 (py150) acc=0.0060 loss=3.201
[eval] after=6 on=4 (scienceqa) acc=0.5920 loss=0.651
[eval] after=6 on=5 (numglue_cm) acc=0.4740 loss=1.007
[eval] after=6 on=6 (numglue_ds) acc=0.1660 loss=2.912
[eval] after=7 on=0 (cstance) acc=0.4800 loss=1.359
[eval] after=7 on=1 (fomc) acc=0.5581 loss=0.813
[eval] after=7 on=2 (meetingbank) acc=0.0320 loss=2.416
[eval] after=7 on=3 (py150) acc=0.0020 loss=3.281
[eval] after=7 on=4 (scienceqa) acc=0.5840 loss=0.865
[eval] after=7 on=5 (numglue_cm) acc=0.5000 loss=0.848
[eval] after=7 on=6 (numglue_ds) acc=0.1760 loss=1.581
[eval] after=7 on=7 (twenty_minuten) acc=0.0000 loss=4.381
[RESULT] method=er seed=4 overall=0.4596 plas=0.4308 bwt=+0.0288
