[eval] after=0 on=0 (cstance) acc=0.4580 loss=1.344
[route] task 1 (fomc) top source = 0 (cstance)
[eval] after=1 on=0 (cstance) acc=0.4980 loss=0.928
[eval] after=1 on=1 (fomc) acc=0.5379 loss=0.551
[route] task 2 (meetingbank) top source = 1 (fomc)
[eval] after=2 on=0 (cstance) acc=0.4980 loss=1.007
[eval] after=2 on=1 (fomc) acc=0.5657 loss=0.532
[eval] after=2 on=2 (meetingbank) acc=0.0220 loss=2.514
[route] task 3 (py150) top source = 2 (meetingbank)
[eval] after=3 on=0 (cstance) acc=0.4960 loss=1.056
[eval] after=3 on=1 (fomc) acc=0.4874 loss=0.728
[eval] after=3 on=2 (meetingbank) acc=0.0340 loss=1.886
[eval] after=3 on=3 (py150) acc=0.0020 loss=3.379
[route] task 4 (scienceqa) top source = 1 (fomc)
[eval] after=4 on=0 (cstance) acc=0.4100 loss=1.012
[eval] after=4 on=1 (fomc) acc=0.5000 loss=0.748
[eval] after=4 on=2 (meetingbank) acc=0.0280 loss=1.933
[eval] after=4 on=3 (py150) acc=0.0000 loss=2.757
[eval] after=4 on=4 (scienceqa) acc=0.5500 loss=0.900
[route] task 5 (numglue_cm) top source = 4 (scienceqa)
[eval] after=5 on=0 (cstance) acc=0.4980 loss=0.908
[eval] after=5 on=1 (fomc) acc=0.5606 loss=0.597
[eval] after=5 on=2 (meetingbank) acc=0.0340 loss=1.906
[eval] after=5 on=3 (py150) acc=0.0020 loss=2.714
[eval] after=5 on=4 (scienceqa) acc=0.5820 loss=0.692
[eval] after=5 on=5 (numglue_cm) acc=0.4805 loss=1.048
[route] task 6 (numglue_ds) top source = 5 (numglue_cm)
[eval] after=6 on=0 (cstance) acc=0.4960 loss=0.959
[eval] after=6 on=1 (fomc) acc=0.5606 loss=0.580
[eval] after=6 on=2 (meetingbank) acc=0.0380 loss=2.012
[eval] after=6 on=3 (py150) acc=0.0020 loss=2.787
[eval] after=6 on=4 (scienceqa) acc=0.6120 loss=0.793
[eval] after=6 on=5 (numglue_cm) acc=0.4675 loss=0.818
[eval] after=6 on=6 (numglue_ds) acc=0.1680 loss=2.547
[route] task 7 (twenty_minuten) top source = 2 (meetingbank)
[eval] after=7 on=0 (cstance) acc=0.4100 loss=1.538
[eval] after=7 on=1 (fomc) acc=0.5202 loss=0.630
[eval] after=7 on=2 (meetingbank) acc=0.0380 loss=2.050
[eval] after=7 on=3 (py150) acc=0.0040 loss=2.837
[eval] after=7 on=4 (scienceqa) acc=0.5520 loss=0.565
[eval] after=7 on=5 (numglue_cm) acc=0.4416 loss=0.778
[eval] after=7 on=6 (numglue_ds) acc=0.1600 loss=1.752
[eval] after=7 on=7 (twenty_minuten) acc=0.0000 loss=3.947
[RESULT] method=tsr seed=4 overall=0.4168 plas=0.4389 bwt=-0.0221
