[eval] after=0 on=0 (cstance) acc=0.4840 loss=1.046
[route] task 1 (fomc) top source = 0 (cstance)
[eval] after=1 on=0 (cstance) acc=0.5340 loss=0.775
[eval] after=1 on=1 (fomc) acc=0.5303 loss=0.600
[route] task 2 (meetingbank) top source = 1 (fomc)
[eval] after=2 on=0 (cstance) acc=0.5000 loss=0.918
[eval] after=2 on=1 (fomc) acc=0.5328 loss=0.500
[eval] after=2 on=2 (meetingbank) acc=0.0060 loss=2.393
[route] task 3 (py150) top source = 2 (meetingbank)
[eval] after=3 on=0 (cstance) acc=0.5160 loss=0.935
[eval] after=3 on=1 (fomc) acc=0.5152 loss=0.591
[eval] after=3 on=2 (meetingbank) acc=0.0020 loss=1.931
[eval] after=3 on=3 (py150) acc=0.0040 loss=3.384
[route] task 4 (scienceqa) top source = 1 (fomc)
[eval] after=4 on=0 (cstance) acc=0.5320 loss=0.873
[eval] after=4 on=1 (fomc) acc=0.5556 loss=0.563
[eval] after=4 on=2 (meetingbank) acc=0.0180 loss=1.903
[eval] after=4 on=3 (py150) acc=0.0040 loss=2.795
[eval] after=4 on=4 (scienceqa) acc=0.5480 loss=0.991
[route] task 5 (numglue_cm) top source = 4 (scienceqa)
[eval] after=5 on=0 (cstance) acc=0.5400 loss=0.916
[eval] after=5 on=1 (fomc) acc=0.5429 loss=0.588
[eval] after=5 on=2 (meetingbank) acc=0.0080 loss=1.881
[eval] after=5 on=3 (py150) acc=0.0020 loss=2.892
[eval] after=5 on=4 (scienceqa) acc=0.5700 loss=0.727
[eval] after=5 on=5 (numglue_cm) acc=0.4091 loss=1.096
[route] task 6 (numglue_ds) top source = 5 (numglue_cm)
[eval] after=6 on=0 (cstance) acc=0.5100 loss=0.901
[eval] after=6 on=1 (fomc) acc=0.5152 loss=0.590
[eval] after=6 on=2 (meetingbank) acc=0.0160 loss=1.942
[eval] after=6 on=3 (py150) acc=0.0040 loss=2.764
[eval] after=6 on=4 (scienceqa) acc=0.5700 loss=0.747
[eval] after=6 on=5 (numglue_cm) acc=0.4545 loss=0.874
[eval] after=6 on=6 (numglue_ds) acc=0.1660 loss=2.441
[route] task 7 (twenty_minuten) top source = 2 (meetingbank)
[eval] after=7 on=0 (cstance) acc=0.4300 loss=1.830
[eval] after=7 on=1 (fomc) acc=0.5227 loss=0.761
[eval] after=7 on=2 (meetingbank) acc=0.0200 loss=2.120
[eval] after=7 on=3 (py150) acc=0.0080 loss=2.908
[eval] after=7 on=4 (scienceqa) acc=0.5860 loss=0.843
[eval] after=7 on=5 (numglue_cm) acc=0.4156 loss=0.828
[eval] after=7 on=6 (numglue_ds) acc=0.1540 loss=1.681
[eval] after=7 on=7 (twenty_minuten) acc=0.0000 loss=3.709
[RESULT] method=tsr seed=2 overall=0.4217 plas=0.4275 bwt=-0.0058
