[eval] after=0 on=0 (cstance) acc=0.5460 loss=1.015
[route] task 1 (fomc) top source = 0 (cstance)
[eval] after=1 on=0 (cstance) acc=0.5660 loss=0.854
[eval] after=1 on=1 (fomc) acc=0.4975 loss=0.588
[route] task 2 (meetingbank) top source = 1 (fomc)
[eval] after=2 on=0 (cstance) acc=0.5380 loss=0.836
[eval] after=2 on=1 (fomc) acc=0.5556 loss=0.587
[eval] after=2 on=2 (meetingbank) acc=0.0020 loss=2.198
[route] task 3 (py150) top source = 2 (meetingbank)
[eval] after=3 on=0 (cstance) acc=0.5500 loss=0.667
[eval] after=3 on=1 (fomc) acc=0.5631 loss=0.521
[eval] after=3 on=2 (meetingbank) acc=0.0220 loss=1.860
[eval] after=3 on=3 (py150) acc=0.0020 loss=3.212
[route] task 4 (scienceqa) top source = 1 (fomc)
[eval] after=4 on=0 (cstance) acc=0.5620 loss=0.686
[eval] after=4 on=1 (fomc) acc=0.5429 loss=0.598
[eval] after=4 on=2 (meetingbank) acc=0.0200 loss=1.899
[eval] after=4 on=3 (py150) acc=0.0020 loss=2.619
[eval] after=4 on=4 (scienceqa) acc=0.6060 loss=0.817
[route] task 5 (numglue_cm) top source = 4 (scienceqa)
[eval] after=5 on=0 (cstance) acc=0.5580 loss=0.732
[eval] after=5 on=1 (fomc) acc=0.5379 loss=0.628
[eval] after=5 on=2 (meetingbank) acc=0.0100 loss=2.024
[eval] after=5 on=3 (py150) acc=0.0020 loss=2.673
[eval] after=5 on=4 (scienceqa) acc=0.5940 loss=0.578
[eval] after=5 on=5 (numglue_cm) acc=0.4026 loss=1.122
[route] task 6 (numglue_ds) top source = 5 (numglue_cm)
[eval] after=6 on=0 (cstance) acc=0.5600 loss=0.793
[eval] after=6 on=1 (fomc) acc=0.5455 loss=0.638
[eval] after=6 on=2 (meetingbank) acc=0.0280 loss=1.951
[eval] after=6 on=3 (py150) acc=0.0040 loss=2.657
[eval] after=6 on=4 (scienceqa) acc=0.5880 loss=0.779
[eval] after=6 on=5 (numglue_cm) acc=0.5130 loss=0.794
[eval] after=6 on=6 (numglue_ds) acc=0.1540 loss=2.845
[route] task 7 (twenty_minuten) top source = 2 (meetingbank)
[eval] after=7 on=0 (cstance) acc=0.5500 loss=0.789
[eval] after=7 on=1 (fomc) acc=0.5278 loss=0.622
[eval] after=7 on=2 (meetingbank) acc=0.0240 loss=2.075
[eval] after=7 on=3 (py150) acc=0.0040 loss=2.712
[eval] after=7 on=4 (scienceqa) acc=0.6180 loss=0.694
[eval] after=7 on=5 (numglue_cm) acc=0.5130 loss=0.638
[eval] after=7 on=6 (numglue_ds) acc=0.1560 loss=1.745
[eval] after=7 on=7 (twenty_minuten) acc=0.0000 loss=3.918
[RESULT] method=tsr seed=3 overall=0.4730 plas=0.4412 bwt=+0.0317
