[eval] after=0 on=0 (cstance) acc=0.4680 loss=1.131
[eval] after=1 on=0 (cstance) acc=0.5280 loss=0.736
[eval] after=1 on=1 (fomc) acc=0.5455 loss=0.714
[eval] after=2 on=0 (cstance) acc=0.4760 loss=1.200
[eval] after=2 on=1 (fomc) acc=0.5480 loss=0.593
[eval] after=2 on=2 (meetingbank) acc=0.0040 loss=2.928
[eval] after=3 on=0 (cstance) acc=0.4760 loss=0.991
[eval] after=3 on=1 (fomc) acc=0.5530 loss=0.590
[eval] after=3 on=2 (meetingbank) acc=0.0020 loss=2.062
[eval] after=3 on=3 (py150) acc=0.0040 loss=4.053
[eval] after=4 on=0 (cstance) acc=0.5080 loss=0.995
[eval] after=4 on=1 (fomc) acc=0.5682 loss=0.623
[eval] after=4 on=2 (meetingbank) acc=0.0020 loss=2.343
[eval] after=4 on=3 (py150) acc=0.0060 loss=2.896
[eval] after=4 on=4 (scienceqa) acc=0.5980 loss=1.464
[eval] after=5 on=0 (cstance) acc=0.4840 loss=0.845
[eval] after=5 on=1 (fomc) acc=0.5480 loss=0.629
[eval] after=5 on=2 (meetingbank) acc=0.0100 loss=2.242
[eval] after=5 on=3 (py150) acc=0.0000 loss=3.040
[eval] after=5 on=4 (scienceqa) acc=0.5420 loss=0.423
[eval] after=5 on=5 (numglue_cm) acc=0.4286 loss=1.262
[eval] after=6 on=0 (cstance) acc=0.5020 loss=0.901
[eval] after=6 on=1 (fomc) acc=0.5682 loss=0.664
[eval] after=6 on=2 (meetingbank) acc=0.0060 loss=2.348
[eval] after=6 on=3 (py150) acc=0.0100 loss=3.041
[eval] after=6 on=4 (scienceqa) acc=0.5940 loss=0.569
[eval] after=6 on=5 (numglue_cm) acc=0.5130 loss=0.780
[eval] after=6 on=6 (numglue_ds) acc=0.1480 loss=2.824
[eval] after=7 on=0 (cstance) acc=0.4500 loss=1.339
[eval] after=7 on=1 (fomc) acc=0.5530 loss=0.750
[eval] after=7 on=2 (meetingbank) acc=0.0140 loss=2.249
[eval] after=7 on=3 (py150) acc=0.0200 loss=3.055
[eval] after=7 on=4 (scienceqa) acc=0.5960 loss=0.600
[eval] after=7 on=5 (numglue_cm) acc=0.5584 loss=0.740
[eval] after=7 on=6 (numglue_ds) acc=0.1620 loss=1.636
[eval] after=7 on=7 (twenty_minuten) acc=0.0000 loss=4.258
[RESULT] method=er seed=1 overall=0.4639 plas=0.4376 bwt=+0.0263
