[eval] after=0 on=0 (cstance) acc=0.5320 loss=0.988
[eval] after=1 on=0 (cstance) acc=0.5460 loss=0.821
[eval] after=1 on=1 (fomc) acc=0.5076 loss=0.754
[eval] after=2 on=0 (cstance) acc=0.5220 loss=0.844
[eval] after=2 on=1 (fomc) acc=0.5581 loss=0.508
[eval] after=2 on=2 (meetingbank) acc=0.0040 loss=2.471
[eval] after=3 on=0 (cstance) acc=0.5360 loss=1.120
[eval] after=3 on=1 (fomc) acc=0.5682 loss=0.765
[eval] after=3 on=2 (meetingbank) acc=0.0160 loss=1.914
[eval] after=3 on=3 (py150) acc=0.0020 loss=4.744
[eval] after=4 on=0 (cstance) acc=0.5440 loss=1.048
[eval] after=4 on=1 (fomc) acc=0.5682 loss=0.655
[eval] after=4 on=2 (meetingbank) acc=0.0200 loss=1.967
[eval] after=4 on=3 (py150) acc=0.0020 loss=2.743
[eval] after=4 on=4 (scienceqa) acc=0.6240 loss=1.122
[eval] after=5 on=0 (cstance) acc=0.5400 loss=1.074
[eval] after=5 on=1 (fomc) acc=0.5884 loss=0.654
[eval] after=5 on=2 (meetingbank) acc=0.0100 loss=2.247
[eval] after=5 on=3 (py150) acc=0.0020 loss=2.802
[eval] after=5 on=4 (scienceqa) acc=0.5520 loss=0.471
[eval] after=5 on=5 (numglue_cm) acc=0.4156 loss=1.399
[eval] after=6 on=0 (cstance) acc=0.5320 loss=1.115
[eval] after=6 on=1 (fomc) acc=0.5455 loss=0.728
[eval] after=6 on=2 (meetingbank) acc=0.0100 loss=2.227
[eval] after=6 on=3 (py150) acc=0.0040 loss=2.995
[eval] after=6 on=4 (scienceqa) acc=0.5620 loss=0.630
[eval] after=6 on=5 (numglue_cm) acc=0.4870 loss=0.764
[eval] after=6 on=6 (numglue_ds) acc=0.1600 loss=3.460
[eval] after=7 on=0 (cstance) acc=0.4640 loss=1.427
[eval] after=7 on=1 (fomc) acc=0.5758 loss=0.684
[eval] after=7 on=2 (meetingbank) acc=0.0160 loss=2.456
[eval] after=7 on=3 (py150) acc=0.0060 loss=3.252
[eval] after=7 on=4 (scienceqa) acc=0.5960 loss=0.673
[eval] after=7 on=5 (numglue_cm) acc=0.4870 loss=0.716
[eval] after=7 on=6 (numglue_ds) acc=0.1480 loss=1.596
[eval] after=7 on=7 (twenty_minuten) acc=0.0000 loss=4.326
[RESULT] method=er seed=3 overall=0.4542 plas=0.4478 bwt=+0.0063
