[eval] after=0 on=0 (cstance) acc=0.4840 loss=1.046
[eval] after=1 on=0 (cstance) acc=0.5180 loss=0.841
[eval] after=1 on=1 (fomc) acc=0.5126 loss=0.780
[eval] after=2 on=0 (cstance) acc=0.4860 loss=1.142
[eval] after=2 on=1 (fomc) acc=0.5177 loss=0.500
[eval] after=2 on=2 (meetingbank) acc=0.0080 loss=2.805
[eval] after=3 on=0 (cstance) acc=0.4620 loss=0.948
[eval] after=3 on=1 (fomc) acc=0.5808 loss=0.683
[eval] after=3 on=2 (meetingbank) acc=0.0100 loss=2.009
[eval] after=3 on=3 (py150) acc=0.0040 loss=4.633
[eval] after=4 on=0 (cstance) acc=0.5140 loss=1.062
[eval] after=4 on=1 (fomc) acc=0.5707 loss=0.767
[eval] after=4 on=2 (meetingbank) acc=0.0220 loss=1.958
[eval] after=4 on=3 (py150) acc=0.0080 loss=2.888
[eval] after=4 on=4 (scienceqa) acc=0.5780 loss=1.244
[eval] after=5 on=0 (cstance) acc=0.5120 loss=1.064
[eval] after=5 on=1 (fomc) acc=0.5480 loss=0.838
[eval] after=5 on=2 (meetingbank) acc=0.0220 loss=2.251
[eval] after=5 on=3 (py150) acc=0.0120 loss=3.053
[eval] after=5 on=4 (scienceqa) acc=0.5860 loss=0.556
[eval] after=5 on=5 (numglue_cm) acc=0.3442 loss=1.988
[eval] after=6 on=0 (cstance) acc=0.5100 loss=1.091
[eval] after=6 on=1 (fomc) acc=0.5227 loss=0.752
[eval] after=6 on=2 (meetingbank) acc=0.0200 loss=2.300
[eval] after=6 on=3 (py150) acc=0.0080 loss=3.162
[eval] after=6 on=4 (scienceqa) acc=0.6280 loss=0.604
[eval] after=6 on=5 (numglue_cm) acc=0.3701 loss=0.988
[eval] after=6 on=6 (numglue_ds) acc=0.0860 loss=2.621
[eval] after=7 on=0 (cstance) acc=0.4800 loss=0.929
[eval] after=7 on=1 (fomc) acc=0.5859 loss=0.660
[eval] after=7 on=2 (meetingbank) acc=0.0140 loss=2.417
[eval] after=7 on=3 (py150) acc=0.0080 loss=3.195
[eval] after=7 on=4 (scienceqa) acc=0.6180 loss=0.672
[eval] after=7 on=5 (numglue_cm) acc=0.4221 loss=0.928
[eval] after=7 on=6 (numglue_ds) acc=0.1600 loss=1.464
[eval] after=7 on=7 (twenty_minuten) acc=0.0000 loss=4.206
[RESULT] method=er seed=2 overall=0.4532 plas=0.4010 bwt=+0.0522
